<?xml version="1.0" encoding="UTF-8"?>
<!-- Generated by org.testng.reporters.JUnitXMLReporter -->
<testsuite hostname="SAG-8JC82X2" ignored="0" name="Test" tests="9" failures="1" timestamp="2022-04-04T17:15:42 IST" time="0.081" errors="0">
  <testcase name="hello1" time="0.008" classname="mavenpackage.APITest"/>
  <testcase name="hello2" time="0.001" classname="mavenpackage.APITest"/>
  <testcase name="hello3" time="0.001" classname="mavenpackage.APITest"/>
  <testcase name="hello1" time="0.005" classname="mavenpackage.UITest">
    <failure type="java.lang.AssertionError" message="expected [true] but found [false]">
      <![CDATA[java.lang.AssertionError: expected [true] but found [false]
at mavenpackage.UITest.hello1(UITest.java:12)
at java.util.ArrayList.forEach(Unknown Source)
... Removed 31 stack frames]]>
    </failure>
  </testcase> <!-- hello1 -->
  <testcase name="hello2" time="0.001" classname="mavenpackage.UITest"/>
  <testcase name="hello3" time="0.002" classname="mavenpackage.UITest"/>
  <testcase name="hello1" time="0.006" classname="mavenpackage.AppiumTest"/>
  <testcase name="hello2" time="0.002" classname="mavenpackage.AppiumTest"/>
  <testcase name="hello3" time="0.001" classname="mavenpackage.AppiumTest"/>
</testsuite> <!-- Test -->
