<?xml version="1.0" encoding="UTF-8"?>
<!-- Generated by org.testng.reporters.JUnitXMLReporter -->
<testsuite ignored="0" hostname="SAG-8JC82X2" failures="1" tests="9" name="Command line test" time="0.04" errors="0" timestamp="2022-04-04T17:13:27 IST">
  <testcase classname="mavenpackage.APITest" name="hello1" time="0.004"/>
  <testcase classname="mavenpackage.APITest" name="hello2" time="0.0"/>
  <testcase classname="mavenpackage.APITest" name="hello3" time="0.0"/>
  <testcase classname="mavenpackage.AppiumTest" name="hello1" time="0.0"/>
  <testcase classname="mavenpackage.AppiumTest" name="hello2" time="0.001"/>
  <testcase classname="mavenpackage.AppiumTest" name="hello3" time="0.0"/>
  <testcase classname="mavenpackage.UITest" name="hello1" time="0.003">
    <failure type="java.lang.AssertionError" message="expected [true] but found [false]">
      <![CDATA[java.lang.AssertionError: expected [true] but found [false]
at mavenpackage.UITest.hello1(UITest.java:12)
at java.base/java.util.ArrayList.forEach(ArrayList.java:1541)
... Removed 41 stack frames]]>
    </failure>
  </testcase> <!-- hello1 -->
  <testcase classname="mavenpackage.UITest" name="hello2" time="0.0"/>
  <testcase classname="mavenpackage.UITest" name="hello3" time="0.0"/>
</testsuite> <!-- Command line test -->
