<?xml version="1.0" encoding="UTF-8"?>
<testng-results skipped="0" failed="1" ignored="0" total="9" passed="8">
  <reporter-output>
  </reporter-output>
  <suite name="Suite" duration-ms="81" started-at="2022-04-04T17:15:42 IST" finished-at="2022-04-04T17:15:42 IST">
    <groups>
    </groups>
    <test name="Test" duration-ms="81" started-at="2022-04-04T17:15:42 IST" finished-at="2022-04-04T17:15:42 IST">
      <class name="mavenpackage.APITest">
        <test-method status="PASS" signature="hello1()[pri:0, instance:mavenpackage.APITest@1060b431]" name="hello1" duration-ms="8" started-at="2022-04-04T17:15:42 IST" finished-at="2022-04-04T17:15:42 IST">
          <reporter-output>
          </reporter-output>
        </test-method> <!-- hello1 -->
        <test-method status="PASS" signature="hello2()[pri:0, instance:mavenpackage.APITest@1060b431]" name="hello2" duration-ms="1" started-at="2022-04-04T17:15:42 IST" finished-at="2022-04-04T17:15:42 IST">
          <reporter-output>
          </reporter-output>
        </test-method> <!-- hello2 -->
        <test-method status="PASS" signature="hello3()[pri:0, instance:mavenpackage.APITest@1060b431]" name="hello3" duration-ms="1" started-at="2022-04-04T17:15:42 IST" finished-at="2022-04-04T17:15:42 IST">
          <reporter-output>
          </reporter-output>
        </test-method> <!-- hello3 -->
      </class> <!-- mavenpackage.APITest -->
      <class name="mavenpackage.AppiumTest">
        <test-method status="PASS" signature="hello1()[pri:0, instance:mavenpackage.AppiumTest@37374a5e]" name="hello1" duration-ms="6" started-at="2022-04-04T17:15:42 IST" finished-at="2022-04-04T17:15:42 IST">
          <reporter-output>
          </reporter-output>
        </test-method> <!-- hello1 -->
        <test-method status="PASS" signature="hello2()[pri:0, instance:mavenpackage.AppiumTest@37374a5e]" name="hello2" duration-ms="2" started-at="2022-04-04T17:15:42 IST" finished-at="2022-04-04T17:15:42 IST">
          <reporter-output>
          </reporter-output>
        </test-method> <!-- hello2 -->
        <test-method status="PASS" signature="hello3()[pri:0, instance:mavenpackage.AppiumTest@37374a5e]" name="hello3" duration-ms="1" started-at="2022-04-04T17:15:42 IST" finished-at="2022-04-04T17:15:42 IST">
          <reporter-output>
          </reporter-output>
        </test-method> <!-- hello3 -->
      </class> <!-- mavenpackage.AppiumTest -->
      <class name="mavenpackage.UITest">
        <test-method status="FAIL" signature="hello1()[pri:0, instance:mavenpackage.UITest@8646db9]" name="hello1" duration-ms="5" started-at="2022-04-04T17:15:42 IST" finished-at="2022-04-04T17:15:42 IST">
          <exception class="java.lang.AssertionError">
            <message>
              <![CDATA[expected [true] but found [false]]]>
            </message>
            <full-stacktrace>
              <![CDATA[java.lang.AssertionError: expected [true] but found [false]
at org.testng.Assert.fail(Assert.java:110)
at org.testng.Assert.failNotEquals(Assert.java:1413)
at org.testng.Assert.assertTrue(Assert.java:56)
at org.testng.Assert.assertTrue(Assert.java:66)
at mavenpackage.UITest.hello1(UITest.java:12)
at sun.reflect.NativeMethodAccessorImpl.invoke0(Native Method)
at sun.reflect.NativeMethodAccessorImpl.invoke(Unknown Source)
at sun.reflect.DelegatingMethodAccessorImpl.invoke(Unknown Source)
at java.lang.reflect.Method.invoke(Unknown Source)
at org.testng.internal.invokers.MethodInvocationHelper.invokeMethod(MethodInvocationHelper.java:135)
at org.testng.internal.invokers.TestInvoker.invokeMethod(TestInvoker.java:673)
at org.testng.internal.invokers.TestInvoker.invokeTestMethod(TestInvoker.java:220)
at org.testng.internal.invokers.MethodRunner.runInSequence(MethodRunner.java:50)
at org.testng.internal.invokers.TestInvoker$MethodInvocationAgent.invoke(TestInvoker.java:945)
at org.testng.internal.invokers.TestInvoker.invokeTestMethods(TestInvoker.java:193)
at org.testng.internal.invokers.TestMethodWorker.invokeTestMethods(TestMethodWorker.java:146)
at org.testng.internal.invokers.TestMethodWorker.run(TestMethodWorker.java:128)
at java.util.ArrayList.forEach(Unknown Source)
at org.testng.TestRunner.privateRun(TestRunner.java:808)
at org.testng.TestRunner.run(TestRunner.java:603)
at org.testng.SuiteRunner.runTest(SuiteRunner.java:429)
at org.testng.SuiteRunner.runSequentially(SuiteRunner.java:423)
at org.testng.SuiteRunner.privateRun(SuiteRunner.java:383)
at org.testng.SuiteRunner.run(SuiteRunner.java:326)
at org.testng.SuiteRunnerWorker.runSuite(SuiteRunnerWorker.java:52)
at org.testng.SuiteRunnerWorker.run(SuiteRunnerWorker.java:95)
at org.testng.TestNG.runSuitesSequentially(TestNG.java:1249)
at org.testng.TestNG.runSuitesLocally(TestNG.java:1169)
at org.testng.TestNG.runSuites(TestNG.java:1092)
at org.testng.TestNG.run(TestNG.java:1060)
at org.testng.remote.AbstractRemoteTestNG.run(AbstractRemoteTestNG.java:115)
at org.testng.remote.RemoteTestNG.initAndRun(RemoteTestNG.java:251)
at org.testng.remote.RemoteTestNG.main(RemoteTestNG.java:77)
]]>
            </full-stacktrace>
          </exception> <!-- java.lang.AssertionError -->
          <reporter-output>
          </reporter-output>
        </test-method> <!-- hello1 -->
        <test-method status="PASS" signature="hello2()[pri:0, instance:mavenpackage.UITest@8646db9]" name="hello2" duration-ms="1" started-at="2022-04-04T17:15:42 IST" finished-at="2022-04-04T17:15:42 IST">
          <reporter-output>
          </reporter-output>
        </test-method> <!-- hello2 -->
        <test-method status="PASS" signature="hello3()[pri:0, instance:mavenpackage.UITest@8646db9]" name="hello3" duration-ms="2" started-at="2022-04-04T17:15:42 IST" finished-at="2022-04-04T17:15:42 IST">
          <reporter-output>
          </reporter-output>
        </test-method> <!-- hello3 -->
      </class> <!-- mavenpackage.UITest -->
    </test> <!-- Test -->
  </suite> <!-- Suite -->
</testng-results>
